[debug] [2020-09-19T17:28:37.860Z] ----------------------------------------------------------------------
[debug] [2020-09-19T17:28:37.864Z] Command:       C:\Program Files\nodejs\node.exe C:\Users\Claudio\AppData\Roaming\npm\node_modules\firebase-tools\lib\bin\firebase.js emulators:start
[debug] [2020-09-19T17:28:37.865Z] CLI Version:   8.9.2
[debug] [2020-09-19T17:28:37.865Z] Platform:      win32
[debug] [2020-09-19T17:28:37.865Z] Node Version:  v14.10.1
[debug] [2020-09-19T17:28:37.867Z] Time:          Sat Sep 19 2020 19:28:37 GMT+0200 (Midden-Europese zomertijd)
[debug] [2020-09-19T17:28:37.868Z] ----------------------------------------------------------------------
[debug] [2020-09-19T17:28:37.868Z] 
[debug] [2020-09-19T17:28:37.891Z] > command requires scopes: ["email","openid","https://www.googleapis.com/auth/cloudplatformprojects.readonly","https://www.googleapis.com/auth/firebase","https://www.googleapis.com/auth/cloud-platform"]
[debug] [2020-09-19T17:28:37.892Z] > authorizing via signed-in user
[info] i  emulators: Starting emulators: functions, hosting {"metadata":{"emulator":{"name":"hub"},"message":"Starting emulators: functions, hosting"}}
[debug] [2020-09-19T17:28:37.946Z] [hub] writing locator at C:\Users\Claudio\AppData\Local\Temp\hub-b2beurope-80cfa.json
[warn] !  functions: The following emulators are not running, calls to these services from the Functions emulator will affect production: firestore, database, pubsub {"metadata":{"emulator":{"name":"functions"},"message":"The following emulators are not running, calls to these services from the Functions emulator will affect production: \u001b[1mfirestore, database, pubsub\u001b[22m"}}
[warn] !  Your requested "node" version "10" doesn't match your global version "14" {"metadata":{"emulator":{"name":"functions"},"message":"Your requested \"node\" version \"10\" doesn't match your global version \"14\""}}
[debug] [2020-09-19T17:28:37.978Z] defaultcredentials: writing to file C:\Users\Claudio\AppData\Roaming\firebase\benjamin_claudio_gmail.com_application_default_credentials.json
[debug] [2020-09-19T17:28:37.979Z] Setting GAC to C:\Users\Claudio\AppData\Roaming\firebase\benjamin_claudio_gmail.com_application_default_credentials.json {"metadata":{"emulator":{"name":"functions"},"message":"Setting GAC to C:\\Users\\Claudio\\AppData\\Roaming\\firebase\\benjamin_claudio_gmail.com_application_default_credentials.json"}}
[debug] [2020-09-19T17:28:37.992Z] >>> HTTP REQUEST GET https://firebase.googleapis.com/v1beta1/projects/b2beurope-80cfa/webApps/-/config  
 
[debug] [2020-09-19T17:28:42.268Z] <<< HTTP RESPONSE 200 {"content-type":"application/json; charset=UTF-8","vary":"X-Origin, Referer, Origin,Accept-Encoding","date":"Sat, 19 Sep 2020 17:28:39 GMT","server":"ESF","cache-control":"private","x-xss-protection":"0","x-frame-options":"SAMEORIGIN","x-content-type-options":"nosniff","alt-svc":"h3-Q050=\":443\"; ma=2592000,h3-29=\":443\"; ma=2592000,h3-27=\":443\"; ma=2592000,h3-T051=\":443\"; ma=2592000,h3-T050=\":443\"; ma=2592000,h3-Q046=\":443\"; ma=2592000,h3-Q043=\":443\"; ma=2592000,quic=\":443\"; ma=2592000; v=\"46,43\"","accept-ranges":"none","transfer-encoding":"chunked"}
[info] i  hosting: Serving hosting files from: build {"metadata":{"emulator":{"name":"hosting"},"message":"Serving hosting files from: \u001b[1mbuild\u001b[22m"}}
[info] +  hosting: Local server: http://localhost:5000 {"metadata":{"emulator":{"name":"hosting"},"message":"Local server: \u001b[4m\u001b[1mhttp://localhost:5000\u001b[22m\u001b[24m"}}
[debug] [2020-09-19T17:28:42.320Z] Ignoring unsupported arg: auto_download {"metadata":{"emulator":{"name":"ui"},"message":"Ignoring unsupported arg: auto_download"}}
[debug] [2020-09-19T17:28:42.320Z] Ignoring unsupported arg: port {"metadata":{"emulator":{"name":"ui"},"message":"Ignoring unsupported arg: port"}}
[debug] [2020-09-19T17:28:42.320Z] Starting Emulator UI with command {"binary":"node","args":["C:\\Users\\Claudio\\.cache\\firebase\\emulators\\ui-v1.1.1\\server.bundle.js"],"optionalArgs":[],"joinArgs":false} {"metadata":{"emulator":{"name":"ui"},"message":"Starting Emulator UI with command {\"binary\":\"node\",\"args\":[\"C:\\\\Users\\\\Claudio\\\\.cache\\\\firebase\\\\emulators\\\\ui-v1.1.1\\\\server.bundle.js\"],\"optionalArgs\":[],\"joinArgs\":false}"}}
[info] i  ui: Emulator UI logging to ui-debug.log {"metadata":{"emulator":{"name":"ui"},"message":"Emulator UI logging to \u001b[1mui-debug.log\u001b[22m"}}
[debug] [2020-09-19T17:28:42.622Z] Web / API server started at http://localhost:4000
 {"metadata":{"emulator":{"name":"ui"},"message":"Web / API server started at http://localhost:4000\n"}}
[info] i  functions: Watching "C:\Users\Claudio\aladini\Amazon-clone\functions" for Cloud Functions... {"metadata":{"emulator":{"name":"functions"},"message":"Watching \"C:\\Users\\Claudio\\aladini\\Amazon-clone\\functions\" for Cloud Functions..."}}
[debug] [2020-09-19T17:28:42.868Z] [worker-pool] addWorker(~diagnostic~) {"metadata":{"emulator":{"name":"functions"},"message":"[worker-pool] addWorker(~diagnostic~)"}}
[debug] [2020-09-19T17:28:42.868Z] [worker-pool] Adding worker with key ~diagnostic~, total=1 {"metadata":{"emulator":{"name":"functions"},"message":"[worker-pool] Adding worker with key ~diagnostic~, total=1"}}
[debug] [2020-09-19T17:28:42.868Z] [worker-pool] submitWork(triggerId=) {"metadata":{"emulator":{"name":"functions"},"message":"[worker-pool] submitWork(triggerId=)"}}
[debug] [2020-09-19T17:28:42.869Z] [worker-~diagnostic~-b61009cb-8fd7-4596-9ae8-c4fc944a0272]: Assigning socketPath: \\?\pipe\C:\Users\Claudio\aladini\Amazon-clone\functions\10788 {"metadata":{"emulator":{"name":"functions"},"message":"[worker-~diagnostic~-b61009cb-8fd7-4596-9ae8-c4fc944a0272]: Assigning socketPath: \\\\?\\pipe\\C:\\Users\\Claudio\\aladini\\Amazon-clone\\functions\\10788"}}
[debug] [2020-09-19T17:28:42.869Z] [worker-~diagnostic~-b61009cb-8fd7-4596-9ae8-c4fc944a0272]: BUSY {"metadata":{"emulator":{"name":"functions"},"message":"[worker-~diagnostic~-b61009cb-8fd7-4596-9ae8-c4fc944a0272]: BUSY"}}
